[CrazyAppium] 2018/09/04 10:26:36  ERROR main com.crazy.webdriver.base.WebDriverBase:53 - maindriver启动失败 
[CrazyAppium] 2018/09/04 10:32:36  ERROR main com.crazy.webdriver.base.WebDriverBase:53 - maindriver启动失败 
[CrazyAppium] 2018/09/04 10:33:12  ERROR main com.crazy.webdriver.base.WebDriverBase:53 - maindriver启动失败 
[CrazyAppium] 2018/09/04 11:15:36  ERROR main com.crazy.webdriver.base.WebDriverBase:53 - main没有定位到元素 
[CrazyAppium] 2018/09/04 11:19:11  ERROR main com.crazy.webdriver.base.WebDriverBase:53 - main没有定位到元素 
[CrazyAppium] 2018/09/04 11:21:2  DEBUG main com.crazy.webdriver.base.WebDriverBase:29 - main显式等待30s 
[CrazyAppium] 2018/09/04 11:21:2  DEBUG main com.crazy.webdriver.base.WebDriverBase:29 - main新闻 
[CrazyAppium] 2018/09/04 11:24:14  DEBUG main com.crazy.webdriver.base.WebDriverBase:29 - main显式等待30s 
[CrazyAppium] 2018/09/04 11:24:14  DEBUG main com.crazy.webdriver.base.WebDriverBase:29 - main新闻 
[CrazyAppium] 2018/09/04 11:36:55  DEBUG main com.crazy.webdriver.base.WebDriverBase:29 - main显式等待30s 
[CrazyAppium] 2018/09/04 11:36:55  DEBUG main com.crazy.webdriver.base.WebDriverBase:29 - main新闻 
[CrazyAppium] 2018/09/04 12:06:9  DEBUG main com.crazy.webdriver.base.WebDriverBase:29 - main显式等待30s 
[CrazyAppium] 2018/09/04 12:06:9  DEBUG main com.crazy.webdriver.base.WebDriverBase:29 - main新闻 
[CrazyAppium] 2018/09/04 12:12:36  DEBUG main com.crazy.webdriver.base.WebDriverBase:29 - main显式等待30s 
[CrazyAppium] 2018/09/04 12:12:36  DEBUG main com.crazy.webdriver.base.WebDriverBase:29 - main新闻 
[CrazyAppium] 2018/09/04 12:12:37   INFO main com.crazy.webdriver.util.DateFormat:37 - main当前时间为：18-9-4 下午12:12 
[CrazyAppium] 2018/09/04 12:14:33  DEBUG main com.crazy.webdriver.base.WebDriverBase:29 - main显式等待30s 
[CrazyAppium] 2018/09/04 12:14:33  DEBUG main com.crazy.webdriver.base.WebDriverBase:29 - main新闻 
[CrazyAppium] 2018/09/04 12:14:33   INFO main com.crazy.webdriver.util.DateFormat:37 - main当前时间为：18-9-4 下午12:14 
[CrazyAppium] 2018/09/04 12:27:34   INFO main com.crazy.webdriver.util.DateFormat:37 - main当前时间为：18-9-4 下午12:27 
[CrazyAppium] 2018/09/04 12:33:41   INFO main com.crazy.webdriver.util.DateFormat:37 - main当前时间为：20180904 
[CrazyAppium] 2018/09/04 12:34:10   INFO main com.crazy.webdriver.util.DateFormat:37 - main当前时间为：20180904123410 
[CrazyAppium] 2018/09/04 12:36:30  DEBUG main com.crazy.webdriver.base.WebDriverBase:29 - main显式等待30s 
[CrazyAppium] 2018/09/04 12:36:30  DEBUG main com.crazy.webdriver.base.WebDriverBase:29 - main新闻 
[CrazyAppium] 2018/09/04 12:36:30   INFO main com.crazy.webdriver.util.DateFormat:37 - main当前时间为：20180904 
[CrazyAppium] 2018/09/04 12:37:32  DEBUG main com.crazy.webdriver.base.WebDriverBase:29 - main显式等待30s 
[CrazyAppium] 2018/09/04 12:37:32  DEBUG main com.crazy.webdriver.base.WebDriverBase:29 - main新闻 
[CrazyAppium] 2018/09/04 12:37:32   INFO main com.crazy.webdriver.util.DateFormat:37 - main当前时间为：20180904123732 
[CrazyAppium] 2018/09/04 13:59:7  DEBUG main com.crazy.webdriver.base.WebDriverBase:29 - main显式等待30s 
[CrazyAppium] 2018/09/04 13:59:7  DEBUG main com.crazy.webdriver.base.WebDriverBase:29 - main新闻 
[CrazyAppium] 2018/09/04 13:59:7   INFO main com.crazy.webdriver.util.DateFormat:37 - main当前时间为：20180904135907 
[CrazyAppium] 2018/09/04 14:00:27  DEBUG main com.crazy.webdriver.base.WebDriverBase:29 - main显式等待30s 
[CrazyAppium] 2018/09/04 14:00:27  DEBUG main com.crazy.webdriver.base.WebDriverBase:29 - main新闻 
[CrazyAppium] 2018/09/04 14:00:27   INFO main com.crazy.webdriver.util.DateFormat:37 - main当前时间为：20180904140027 
[CrazyAppium] 2018/09/04 14:03:17  DEBUG main com.crazy.webdriver.base.WebDriverBase:29 - main显式等待30s 
[CrazyAppium] 2018/09/04 14:03:17  DEBUG main com.crazy.webdriver.base.WebDriverBase:29 - main新闻 
[CrazyAppium] 2018/09/04 14:03:17   INFO main com.crazy.webdriver.util.DateFormat:37 - main当前时间为：20180904140317 
[CrazyAppium] 2018/09/04 14:07:36  DEBUG main com.crazy.webdriver.base.WebDriverBase:29 - main显式等待30s 
[CrazyAppium] 2018/09/04 14:07:36  DEBUG main com.crazy.webdriver.base.WebDriverBase:29 - main新闻 
[CrazyAppium] 2018/09/04 14:10:45  DEBUG main com.crazy.webdriver.base.WebDriverBase:29 - main谷歌浏览器启动成功 
[CrazyAppium] 2018/09/04 14:10:48  DEBUG main com.crazy.webdriver.base.WebDriverBase:29 - main显式等待30s 
[CrazyAppium] 2018/09/04 14:10:48  DEBUG main com.crazy.webdriver.base.WebDriverBase:29 - main新闻 
[CrazyAppium] 2018/09/04 21:53:19  DEBUG main com.crazy.webdriver.base.WebDriverBase:29 - main浏览器启动成功 
[CrazyAppium] 2018/09/04 21:53:31  DEBUG main com.crazy.webdriver.base.WebDriverBase:29 - main获取到的handle是：      CDwindow-C286E41CECE1ADD1099F5632C403A691 
[CrazyAppium] 2018/09/04 21:53:31  DEBUG main com.crazy.webdriver.base.WebDriverBase:29 - main跳转到的handle是：      CDwindow-7314B33307DC08208F3CADDAC26A82F5 
[CrazyAppium] 2018/09/05 00:30:52  DEBUG main com.crazy.webdriver.base.WebDriverBase:29 - main浏览器启动成功 
[CrazyAppium] 2018/09/05 00:30:52   INFO main com.netease.qa.testng.TestResultListener:49 - zhuce163 Start 
[CrazyAppium] 2018/09/05 00:31:0  DEBUG main com.crazy.webdriver.base.WebDriverBase:29 - main获取到的handle是：      CDwindow-5B3663F4255CAA18531CE54DED40191A 
[CrazyAppium] 2018/09/05 00:31:0  DEBUG main com.crazy.webdriver.base.WebDriverBase:29 - main跳转到的handle是：      CDwindow-6621313245482A7497C1DE80ADF0DD0D 
[CrazyAppium] 2018/09/05 00:31:32   INFO main com.netease.qa.testng.TestngRetry:33 - Retry for [zhuce163] on class [com.crazy.webdriver.Testcase.Zhuce163mail] Retry 2 times 
[CrazyAppium] 2018/09/05 00:31:35  DEBUG main com.crazy.webdriver.imageUtils.ScreenShort:29 - main浏览器启动成功 
[CrazyAppium] 2018/09/05 00:31:35   INFO main com.netease.qa.testng.TestResultListener:49 - zhuce163 Start 
[CrazyAppium] 2018/09/05 00:31:43  DEBUG main com.crazy.webdriver.imageUtils.ScreenShort:29 - main获取到的handle是：      CDwindow-6D866B0DC7A18AB4F025455333859803 
[CrazyAppium] 2018/09/05 00:31:43  DEBUG main com.crazy.webdriver.imageUtils.ScreenShort:29 - main跳转到的handle是：      CDwindow-DFB35D50B7D5C0B581FC270DCA72DF4E 
